2022-10-08 11:38:22,357 INFO [main] Starting EnniyalApplication using Java 18.0.2 on LAPTOP-KPAC7EBI with PID 25176 (D:\WorkSpace Enniyal\enniyal\target\classes started by Dinesh.A in D:\WorkSpace Enniyal\enniyal)
2022-10-08 11:38:22,398 INFO [main] No active profile set, falling back to 1 default profile: "default"
2022-10-08 11:38:25,578 INFO [main] Bootstrapping Spring Data JPA repositories in DEFAULT mode.
2022-10-08 11:38:25,772 INFO [main] Finished Spring Data repository scanning in 180 ms. Found 3 JPA repository interfaces.
2022-10-08 11:38:27,434 INFO [main] Tomcat initialized with port(s): 8010 (http)
2022-10-08 11:38:27,449 INFO [main] Initializing ProtocolHandler ["http-nio-8010"]
2022-10-08 11:38:27,450 INFO [main] Starting service [Tomcat]
2022-10-08 11:38:27,452 INFO [main] Starting Servlet engine: [Apache Tomcat/10.0.23]
2022-10-08 11:38:27,895 INFO [main] Initializing Spring embedded WebApplicationContext
2022-10-08 11:38:27,900 INFO [main] Root WebApplicationContext: initialization completed in 5355 ms
2022-10-08 11:38:28,353 INFO [main] HHH000204: Processing PersistenceUnitInfo [name: default]
2022-10-08 11:38:28,495 INFO [main] HHH000412: Hibernate ORM core version 6.1.3.Final
2022-10-08 11:38:29,030 WARN [main] HHH90000021: Encountered deprecated setting [javax.persistence.sharedCache.mode], use [jakarta.persistence.sharedCache.mode] instead
2022-10-08 11:38:29,321 INFO [main] HikariPool-1 - Starting...
2022-10-08 11:38:30,159 INFO [main] HikariPool-1 - Added connection com.mysql.cj.jdbc.ConnectionImpl@675ec28b
2022-10-08 11:38:30,172 INFO [main] HikariPool-1 - Start completed.
2022-10-08 11:38:30,221 INFO [main] HHH000400: Using dialect: org.hibernate.dialect.MySQL5Dialect
2022-10-08 11:38:30,222 WARN [main] HHH90000026: MySQL5Dialect has been deprecated; use org.hibernate.dialect.MySQLDialect instead
2022-10-08 11:38:32,430 INFO [main] HHH000490: Using JtaPlatform implementation: [org.hibernate.engine.transaction.jta.platform.internal.NoJtaPlatform]
2022-10-08 11:38:32,461 INFO [main] Initialized JPA EntityManagerFactory for persistence unit 'default'
2022-10-08 11:38:33,272 WARN [main] spring.jpa.open-in-view is enabled by default. Therefore, database queries may be performed during view rendering. Explicitly configure spring.jpa.open-in-view to disable this warning
2022-10-08 11:38:34,048 INFO [main] Starting ProtocolHandler ["http-nio-8010"]
2022-10-08 11:38:34,124 INFO [main] Tomcat started on port(s): 8010 (http) with context path ''
2022-10-08 11:38:34,136 INFO [main] Started EnniyalApplication in 12.932 seconds (process running for 14.951)
2022-10-08 11:39:05,557 INFO [http-nio-8010-exec-1] Initializing Spring DispatcherServlet 'dispatcherServlet'
2022-10-08 11:39:05,557 INFO [http-nio-8010-exec-1] Initializing Servlet 'dispatcherServlet'
2022-10-08 11:39:05,557 INFO [http-nio-8010-exec-1] Completed initialization in 0 ms
2022-10-08 11:39:05,694 INFO [http-nio-8010-exec-1] Get Settings INFO..!!!
2022-10-08 11:45:36,946 WARN [main] InetAddress.getLocalHost().getHostName() took 382 milliseconds to respond. Please verify your network configuration.
2022-10-08 11:45:36,987 INFO [main] Starting EnniyalApplication using Java 18.0.2 on LAPTOP-KPAC7EBI with PID 19304 (D:\WorkSpace Enniyal\enniyal\target\classes started by Dinesh.A in D:\WorkSpace Enniyal\enniyal)
2022-10-08 11:45:36,990 INFO [main] No active profile set, falling back to 1 default profile: "default"
2022-10-08 11:45:42,519 INFO [main] Bootstrapping Spring Data JPA repositories in DEFAULT mode.
2022-10-08 11:45:42,739 INFO [main] Finished Spring Data repository scanning in 197 ms. Found 3 JPA repository interfaces.
2022-10-08 11:45:45,454 INFO [main] Tomcat initialized with port(s): 8010 (http)
2022-10-08 11:45:45,467 INFO [main] Initializing ProtocolHandler ["http-nio-8010"]
2022-10-08 11:45:45,468 INFO [main] Starting service [Tomcat]
2022-10-08 11:45:45,468 INFO [main] Starting Servlet engine: [Apache Tomcat/10.0.23]
2022-10-08 11:45:46,218 INFO [main] Initializing Spring embedded WebApplicationContext
2022-10-08 11:45:46,226 INFO [main] Root WebApplicationContext: initialization completed in 8886 ms
2022-10-08 11:45:46,807 INFO [main] HHH000204: Processing PersistenceUnitInfo [name: default]
2022-10-08 11:45:46,983 INFO [main] HHH000412: Hibernate ORM core version 6.1.3.Final
2022-10-08 11:45:47,461 WARN [main] HHH90000021: Encountered deprecated setting [javax.persistence.sharedCache.mode], use [jakarta.persistence.sharedCache.mode] instead
2022-10-08 11:45:47,778 INFO [main] HikariPool-1 - Starting...
2022-10-08 11:45:48,607 INFO [main] HikariPool-1 - Added connection com.mysql.cj.jdbc.ConnectionImpl@11bfffb3
2022-10-08 11:45:48,617 INFO [main] HikariPool-1 - Start completed.
2022-10-08 11:45:48,722 INFO [main] HHH000400: Using dialect: org.hibernate.dialect.MySQL5Dialect
2022-10-08 11:45:48,723 WARN [main] HHH90000026: MySQL5Dialect has been deprecated; use org.hibernate.dialect.MySQLDialect instead
2022-10-08 11:45:50,664 INFO [main] HHH000490: Using JtaPlatform implementation: [org.hibernate.engine.transaction.jta.platform.internal.NoJtaPlatform]
2022-10-08 11:45:50,702 INFO [main] Initialized JPA EntityManagerFactory for persistence unit 'default'
2022-10-08 11:45:51,369 WARN [main] spring.jpa.open-in-view is enabled by default. Therefore, database queries may be performed during view rendering. Explicitly configure spring.jpa.open-in-view to disable this warning
2022-10-08 11:45:51,842 INFO [main] Starting ProtocolHandler ["http-nio-8010"]
2022-10-08 11:45:51,898 INFO [main] Tomcat started on port(s): 8010 (http) with context path ''
2022-10-08 11:45:51,910 INFO [main] Started EnniyalApplication in 16.94 seconds (process running for 20.985)
2022-10-08 11:46:07,919 INFO [http-nio-8010-exec-1] Initializing Spring DispatcherServlet 'dispatcherServlet'
2022-10-08 11:46:07,919 INFO [http-nio-8010-exec-1] Initializing Servlet 'dispatcherServlet'
2022-10-08 11:46:07,938 INFO [http-nio-8010-exec-1] Completed initialization in 17 ms
2022-10-08 11:46:08,152 INFO [http-nio-8010-exec-1] Get Settings INFO..!!!
2022-10-08 11:49:07,024 INFO INFO [main] Starting EnniyalApplication using Java 18.0.2 on LAPTOP-KPAC7EBI with PID 18296 (D:\WorkSpace Enniyal\enniyal\target\classes started by Dinesh.A in D:\WorkSpace Enniyal\enniyal)
2022-10-08 11:49:07,031 INFO INFO [main] No active profile set, falling back to 1 default profile: "default"
2022-10-08 11:49:09,246 INFO INFO [main] Bootstrapping Spring Data JPA repositories in DEFAULT mode.
2022-10-08 11:49:09,390 INFO INFO [main] Finished Spring Data repository scanning in 131 ms. Found 3 JPA repository interfaces.
2022-10-08 11:49:11,408 INFO INFO [main] Tomcat initialized with port(s): 8010 (http)
2022-10-08 11:49:11,425 INFO INFO [main] Initializing ProtocolHandler ["http-nio-8010"]
2022-10-08 11:49:11,426 INFO INFO [main] Starting service [Tomcat]
2022-10-08 11:49:11,427 INFO INFO [main] Starting Servlet engine: [Apache Tomcat/10.0.23]
2022-10-08 11:49:11,901 INFO INFO [main] Initializing Spring embedded WebApplicationContext
2022-10-08 11:49:11,915 INFO INFO [main] Root WebApplicationContext: initialization completed in 4715 ms
2022-10-08 11:49:12,282 INFO INFO [main] HHH000204: Processing PersistenceUnitInfo [name: default]
2022-10-08 11:49:12,456 INFO INFO [main] HHH000412: Hibernate ORM core version 6.1.3.Final
2022-10-08 11:49:12,910 WARN WARN [main] HHH90000021: Encountered deprecated setting [javax.persistence.sharedCache.mode], use [jakarta.persistence.sharedCache.mode] instead
2022-10-08 11:49:13,399 INFO INFO [main] HikariPool-1 - Starting...
2022-10-08 11:49:14,409 INFO INFO [main] HikariPool-1 - Added connection com.mysql.cj.jdbc.ConnectionImpl@5773d271
2022-10-08 11:49:14,420 INFO INFO [main] HikariPool-1 - Start completed.
2022-10-08 11:49:14,467 INFO INFO [main] HHH000400: Using dialect: org.hibernate.dialect.MySQL5Dialect
2022-10-08 11:49:14,472 WARN WARN [main] HHH90000026: MySQL5Dialect has been deprecated; use org.hibernate.dialect.MySQLDialect instead
2022-10-08 11:49:17,555 INFO INFO [main] HHH000490: Using JtaPlatform implementation: [org.hibernate.engine.transaction.jta.platform.internal.NoJtaPlatform]
2022-10-08 11:49:17,592 INFO INFO [main] Initialized JPA EntityManagerFactory for persistence unit 'default'
2022-10-08 11:49:18,479 WARN WARN [main] spring.jpa.open-in-view is enabled by default. Therefore, database queries may be performed during view rendering. Explicitly configure spring.jpa.open-in-view to disable this warning
2022-10-08 11:49:18,903 INFO INFO [main] Starting ProtocolHandler ["http-nio-8010"]
2022-10-08 11:49:18,971 INFO INFO [main] Tomcat started on port(s): 8010 (http) with context path ''
2022-10-08 11:49:18,983 INFO INFO [main] Started EnniyalApplication in 12.989 seconds (process running for 13.818)
2022-10-08 11:49:27,993 INFO INFO [http-nio-8010-exec-1] Initializing Spring DispatcherServlet 'dispatcherServlet'
2022-10-08 11:49:27,994 INFO INFO [http-nio-8010-exec-1] Initializing Servlet 'dispatcherServlet'
2022-10-08 11:49:27,999 INFO INFO [http-nio-8010-exec-1] Completed initialization in 4 ms
2022-10-08 11:49:28,165 INFO INFO [http-nio-8010-exec-1] Get Settings INFO..!!!
2022-10-08 11:50:38,437 INFO org.springframework.boot.StartupInfoLogger [main] Starting EnniyalApplication using Java 18.0.2 on LAPTOP-KPAC7EBI with PID 20432 (D:\WorkSpace Enniyal\enniyal\target\classes started by Dinesh.A in D:\WorkSpace Enniyal\enniyal)
2022-10-08 11:50:38,442 INFO org.springframework.boot.SpringApplication [main] No active profile set, falling back to 1 default profile: "default"
2022-10-08 11:50:40,071 INFO org.springframework.data.repository.config.RepositoryConfigurationDelegate [main] Bootstrapping Spring Data JPA repositories in DEFAULT mode.
2022-10-08 11:50:40,168 INFO org.springframework.data.repository.config.RepositoryConfigurationDelegate [main] Finished Spring Data repository scanning in 86 ms. Found 3 JPA repository interfaces.
2022-10-08 11:50:41,744 INFO org.springframework.boot.web.embedded.tomcat.TomcatWebServer [main] Tomcat initialized with port(s): 8010 (http)
2022-10-08 11:50:41,779 INFO org.apache.juli.logging.DirectJDKLog [main] Initializing ProtocolHandler ["http-nio-8010"]
2022-10-08 11:50:41,784 INFO org.apache.juli.logging.DirectJDKLog [main] Starting service [Tomcat]
2022-10-08 11:50:41,787 INFO org.apache.juli.logging.DirectJDKLog [main] Starting Servlet engine: [Apache Tomcat/10.0.23]
2022-10-08 11:50:42,450 INFO org.apache.juli.logging.DirectJDKLog [main] Initializing Spring embedded WebApplicationContext
2022-10-08 11:50:42,457 INFO org.springframework.boot.web.servlet.context.ServletWebServerApplicationContext [main] Root WebApplicationContext: initialization completed in 3898 ms
2022-10-08 11:50:42,929 INFO org.hibernate.jpa.internal.util.LogHelper [main] HHH000204: Processing PersistenceUnitInfo [name: default]
2022-10-08 11:50:43,064 INFO org.hibernate.Version [main] HHH000412: Hibernate ORM core version 6.1.3.Final
2022-10-08 11:50:43,424 WARN org.hibernate.boot.internal.MetadataBuilderImpl$MetadataBuildingOptionsImpl [main] HHH90000021: Encountered deprecated setting [javax.persistence.sharedCache.mode], use [jakarta.persistence.sharedCache.mode] instead
2022-10-08 11:50:43,875 INFO com.zaxxer.hikari.HikariDataSource [main] HikariPool-1 - Starting...
2022-10-08 11:50:44,820 INFO com.zaxxer.hikari.pool.HikariPool [main] HikariPool-1 - Added connection com.mysql.cj.jdbc.ConnectionImpl@58164e9a
2022-10-08 11:50:44,835 INFO com.zaxxer.hikari.HikariDataSource [main] HikariPool-1 - Start completed.
2022-10-08 11:50:44,904 INFO org.hibernate.engine.jdbc.dialect.internal.DialectFactoryImpl [main] HHH000400: Using dialect: org.hibernate.dialect.MySQL5Dialect
2022-10-08 11:50:44,906 WARN org.hibernate.engine.jdbc.dialect.internal.DialectFactoryImpl [main] HHH90000026: MySQL5Dialect has been deprecated; use org.hibernate.dialect.MySQLDialect instead
2022-10-08 11:50:47,215 INFO org.hibernate.engine.transaction.jta.platform.internal.JtaPlatformInitiator [main] HHH000490: Using JtaPlatform implementation: [org.hibernate.engine.transaction.jta.platform.internal.NoJtaPlatform]
2022-10-08 11:50:47,248 INFO org.springframework.orm.jpa.AbstractEntityManagerFactoryBean [main] Initialized JPA EntityManagerFactory for persistence unit 'default'
2022-10-08 11:50:48,258 WARN org.springframework.boot.autoconfigure.orm.jpa.JpaBaseConfiguration$JpaWebConfiguration [main] spring.jpa.open-in-view is enabled by default. Therefore, database queries may be performed during view rendering. Explicitly configure spring.jpa.open-in-view to disable this warning
2022-10-08 11:50:48,871 INFO org.apache.juli.logging.DirectJDKLog [main] Starting ProtocolHandler ["http-nio-8010"]
2022-10-08 11:50:48,926 INFO org.springframework.boot.web.embedded.tomcat.TomcatWebServer [main] Tomcat started on port(s): 8010 (http) with context path ''
2022-10-08 11:50:48,940 INFO org.springframework.boot.StartupInfoLogger [main] Started EnniyalApplication in 11.333 seconds (process running for 12.927)
2022-10-08 11:50:54,626 INFO org.apache.juli.logging.DirectJDKLog [http-nio-8010-exec-3] Initializing Spring DispatcherServlet 'dispatcherServlet'
2022-10-08 11:50:54,628 INFO org.springframework.web.servlet.FrameworkServlet [http-nio-8010-exec-3] Initializing Servlet 'dispatcherServlet'
2022-10-08 11:50:54,629 INFO org.springframework.web.servlet.FrameworkServlet [http-nio-8010-exec-3] Completed initialization in 1 ms
2022-10-08 11:50:54,793 INFO com.main.enniyal.controllers.SettingsController [http-nio-8010-exec-3] Get Settings INFO..!!!
2022-10-08 11:52:16,815 INFO [main] org.springframework.boot.StartupInfoLogger Starting EnniyalApplication using Java 18.0.2 on LAPTOP-KPAC7EBI with PID 21692 (D:\WorkSpace Enniyal\enniyal\target\classes started by Dinesh.A in D:\WorkSpace Enniyal\enniyal)
2022-10-08 11:52:16,819 INFO [main] org.springframework.boot.SpringApplication No active profile set, falling back to 1 default profile: "default"
2022-10-08 11:52:18,304 INFO [main] org.springframework.data.repository.config.RepositoryConfigurationDelegate Bootstrapping Spring Data JPA repositories in DEFAULT mode.
2022-10-08 11:52:18,411 INFO [main] org.springframework.data.repository.config.RepositoryConfigurationDelegate Finished Spring Data repository scanning in 89 ms. Found 3 JPA repository interfaces.
2022-10-08 11:52:19,684 INFO [main] org.springframework.boot.web.embedded.tomcat.TomcatWebServer Tomcat initialized with port(s): 8010 (http)
2022-10-08 11:52:19,698 INFO [main] org.apache.juli.logging.DirectJDKLog Initializing ProtocolHandler ["http-nio-8010"]
2022-10-08 11:52:19,699 INFO [main] org.apache.juli.logging.DirectJDKLog Starting service [Tomcat]
2022-10-08 11:52:19,700 INFO [main] org.apache.juli.logging.DirectJDKLog Starting Servlet engine: [Apache Tomcat/10.0.23]
2022-10-08 11:52:20,124 INFO [main] org.apache.juli.logging.DirectJDKLog Initializing Spring embedded WebApplicationContext
2022-10-08 11:52:20,129 INFO [main] org.springframework.boot.web.servlet.context.ServletWebServerApplicationContext Root WebApplicationContext: initialization completed in 3218 ms
2022-10-08 11:52:20,502 INFO [main] org.hibernate.jpa.internal.util.LogHelper HHH000204: Processing PersistenceUnitInfo [name: default]
2022-10-08 11:52:20,686 INFO [main] org.hibernate.Version HHH000412: Hibernate ORM core version 6.1.3.Final
2022-10-08 11:52:21,243 WARN [main] org.hibernate.boot.internal.MetadataBuilderImpl$MetadataBuildingOptionsImpl HHH90000021: Encountered deprecated setting [javax.persistence.sharedCache.mode], use [jakarta.persistence.sharedCache.mode] instead
2022-10-08 11:52:21,748 INFO [main] com.zaxxer.hikari.HikariDataSource HikariPool-1 - Starting...
2022-10-08 11:52:22,644 INFO [main] com.zaxxer.hikari.pool.HikariPool HikariPool-1 - Added connection com.mysql.cj.jdbc.ConnectionImpl@675ec28b
2022-10-08 11:52:22,663 INFO [main] com.zaxxer.hikari.HikariDataSource HikariPool-1 - Start completed.
2022-10-08 11:52:22,765 INFO [main] org.hibernate.engine.jdbc.dialect.internal.DialectFactoryImpl HHH000400: Using dialect: org.hibernate.dialect.MySQL5Dialect
2022-10-08 11:52:22,770 WARN [main] org.hibernate.engine.jdbc.dialect.internal.DialectFactoryImpl HHH90000026: MySQL5Dialect has been deprecated; use org.hibernate.dialect.MySQLDialect instead
2022-10-08 11:52:24,786 INFO [main] org.hibernate.engine.transaction.jta.platform.internal.JtaPlatformInitiator HHH000490: Using JtaPlatform implementation: [org.hibernate.engine.transaction.jta.platform.internal.NoJtaPlatform]
2022-10-08 11:52:24,825 INFO [main] org.springframework.orm.jpa.AbstractEntityManagerFactoryBean Initialized JPA EntityManagerFactory for persistence unit 'default'
2022-10-08 11:52:25,617 WARN [main] org.springframework.boot.autoconfigure.orm.jpa.JpaBaseConfiguration$JpaWebConfiguration spring.jpa.open-in-view is enabled by default. Therefore, database queries may be performed during view rendering. Explicitly configure spring.jpa.open-in-view to disable this warning
2022-10-08 11:52:26,134 INFO [main] org.apache.juli.logging.DirectJDKLog Starting ProtocolHandler ["http-nio-8010"]
2022-10-08 11:52:26,182 INFO [main] org.springframework.boot.web.embedded.tomcat.TomcatWebServer Tomcat started on port(s): 8010 (http) with context path ''
2022-10-08 11:52:26,203 INFO [main] org.springframework.boot.StartupInfoLogger Started EnniyalApplication in 10.246 seconds (process running for 11.128)
2022-10-08 11:52:33,874 INFO [http-nio-8010-exec-1] org.apache.juli.logging.DirectJDKLog Initializing Spring DispatcherServlet 'dispatcherServlet'
2022-10-08 11:52:33,875 INFO [http-nio-8010-exec-1] org.springframework.web.servlet.FrameworkServlet Initializing Servlet 'dispatcherServlet'
2022-10-08 11:52:33,880 INFO [http-nio-8010-exec-1] org.springframework.web.servlet.FrameworkServlet Completed initialization in 5 ms
2022-10-08 11:52:33,939 INFO [http-nio-8010-exec-1] com.main.enniyal.controllers.SettingsController Get Settings INFO..!!!
